<?xml version="1.0" encoding="UTF-8"?>
<testng-results skipped="0" failed="0" ignored="0" total="1" passed="1">
  <reporter-output>
  </reporter-output>
  <suite name="Main Test Suite" duration-ms="33429" started-at="2018-06-07T18:07:17Z" finished-at="2018-06-07T18:07:51Z">
    <groups>
    </groups>
    <test name="TestNG Test Group" duration-ms="33429" started-at="2018-06-07T18:07:17Z" finished-at="2018-06-07T18:07:51Z">
      <class name="UITests.UploadOrchestrations">
        <test-method status="PASS" signature="beforeMethod()[pri:0, instance:UITests.UploadOrchestrations@457e2f02]" name="beforeMethod" is-config="true" duration-ms="6129" started-at="2018-06-07T18:07:17Z" finished-at="2018-06-07T18:07:24Z">
          <reporter-output>
          </reporter-output>
        </test-method> <!-- beforeMethod -->
        <test-method status="PASS" signature="uploadBlankOrchesration()[pri:0, instance:UITests.UploadOrchestrations@457e2f02]" name="uploadBlankOrchesration" duration-ms="25646" started-at="2018-06-07T18:07:24Z" finished-at="2018-06-07T18:07:49Z">
          <reporter-output>
          </reporter-output>
        </test-method> <!-- uploadBlankOrchesration -->
        <test-method status="PASS" signature="afterMethod()[pri:0, instance:UITests.UploadOrchestrations@457e2f02]" name="afterMethod" is-config="true" duration-ms="1621" started-at="2018-06-07T18:07:49Z" finished-at="2018-06-07T18:07:51Z">
          <reporter-output>
          </reporter-output>
        </test-method> <!-- afterMethod -->
      </class> <!-- UITests.UploadOrchestrations -->
    </test> <!-- TestNG Test Group -->
  </suite> <!-- Main Test Suite -->
</testng-results>
